[0610/225423:ERROR:process_reader_win.cc(232)] ReadMemory at 0xf2c0000 of 64 bytes failed: Somente uma parte de um pedido ReadProcessMemory ou WriteProcessMemory foi concluída. (0x12B)
[0610/225423:WARNING:pe_image_reader.cc(280)] could not read dos header from C:\Program Files (x86)\Google\Chrome\Application\51.0.2704.84\chrome_child.dll
[0610/225423:ERROR:process_reader_win.cc(232)] ReadMemory at 0xf2c0000 of 64 bytes failed: Somente uma parte de um pedido ReadProcessMemory ou WriteProcessMemory foi concluída. (0x12B)
[0610/225423:WARNING:pe_image_reader.cc(280)] could not read dos header from C:\Program Files (x86)\Google\Chrome\Application\51.0.2704.84\chrome_child.dll
[0610/225423:ERROR:process_reader_win.cc(141)] SuspendThread: Acesso negado. (0x5)
[0610/225423:ERROR:process_reader_win.cc(232)] ReadMemory at 0x761c0000 of 64 bytes failed: Somente uma parte de um pedido ReadProcessMemory ou WriteProcessMemory foi concluída. (0x12B)
[0610/225423:WARNING:pe_image_reader.cc(280)] could not read dos header from C:\WINDOWS\SYSTEM32\KERNELBASE.dll
[0610/225423:ERROR:process_reader_win.cc(232)] ReadMemory at 0x77700000 of 64 bytes failed: Somente uma parte de um pedido ReadProcessMemory ou WriteProcessMemory foi concluída. (0x12B)
[0610/225423:WARNING:pe_image_reader.cc(280)] could not read dos header from C:\WINDOWS\SYSTEM32\KERNEL32.DLL
[0610/225423:ERROR:process_reader_win.cc(232)] ReadMemory at 0x71de0000 of 64 bytes failed: Somente uma parte de um pedido ReadProcessMemory ou WriteProcessMemory foi concluída. (0x12B)
[0610/225423:WARNING:pe_image_reader.cc(280)] could not read dos header from C:\WINDOWS\system32\apphelp.dll
[0610/225423:ERROR:process_reader_win.cc(232)] ReadMemory at 0x773c0000 of 64 bytes failed: Somente uma parte de um pedido ReadProcessMemory ou WriteProcessMemory foi concluída. (0x12B)
[0610/225423:WARNING:pe_image_reader.cc(280)] could not read dos header from C:\WINDOWS\SYSTEM32\msvcrt.dll
[0610/225423:ERROR:process_reader_win.cc(232)] ReadMemory at 0x74820000 of 64 bytes failed: Somente uma parte de um pedido ReadProcessMemory ou WriteProcessMemory foi concluída. (0x12B)
[0610/225423:WARNING:pe_image_reader.cc(280)] could not read dos header from C:\WINDOWS\SYSTEM32\bcryptPrimitives.dll
[0610/225423:ERROR:process_reader_win.cc(232)] ReadMemory at 0x747d0000 of 64 bytes failed: Somente uma parte de um pedido ReadProcessMemory ou WriteProcessMemory foi concluída. (0x12B)
[0610/225423:WARNING:pe_image_reader.cc(280)] could not read dos header from C:\WINDOWS\SYSTEM32\CRYPTBASE.dll
[0610/225423:ERROR:process_reader_win.cc(232)] ReadMemory at 0x747e0000 of 64 bytes failed: Somente uma parte de um pedido ReadProcessMemory ou WriteProcessMemory foi concluída. (0x12B)
[0610/225423:WARNING:pe_image_reader.cc(280)] could not read dos header from C:\WINDOWS\SYSTEM32\SspiCli.dll
[0610/225423:ERROR:process_reader_win.cc(232)] ReadMemory at 0x76400000 of 64 bytes failed: Somente uma parte de um pedido ReadProcessMemory ou WriteProcessMemory foi concluída. (0x12B)
[0610/225423:WARNING:pe_image_reader.cc(280)] could not read dos header from C:\WINDOWS\SYSTEM32\RPCRT4.dll
[0610/225423:ERROR:process_reader_win.cc(232)] ReadMemory at 0x76350000 of 64 bytes failed: Somente uma parte de um pedido ReadProcessMemory ou WriteProcessMemory foi concluída. (0x12B)
[0610/225423:WARNING:pe_image_reader.cc(280)] could not read dos header from C:\WINDOWS\SYSTEM32\sechost.dll
[0610/225423:ERROR:process_reader_win.cc(232)] ReadMemory at 0x778e0000 of 64 bytes failed: Somente uma parte de um pedido ReadProcessMemory ou WriteProcessMemory foi concluída. (0x12B)
[0610/225423:WARNING:pe_image_reader.cc(280)] could not read dos header from C:\WINDOWS\SYSTEM32\ADVAPI32.dll
[0610/225423:ERROR:process_reader_win.cc(232)] ReadMemory at 0x6e9a0000 of 64 bytes failed: Somente uma parte de um pedido ReadProcessMemory ou WriteProcessMemory foi concluída. (0x12B)
[0610/225423:WARNING:pe_image_reader.cc(280)] could not read dos header from C:\Program Files (x86)\Google\Chrome\Application\51.0.2704.84\chrome_elf.dll
[0610/225423:ERROR:process_reader_win.cc(232)] ReadMemory at 0x731e0000 of 64 bytes failed: Somente uma parte de um pedido ReadProcessMemory ou WriteProcessMemory foi concluída. (0x12B)
[0610/225423:WARNING:pe_image_reader.cc(280)] could not read dos header from C:\WINDOWS\SYSTEM32\VERSION.dll
[0610/225423:ERROR:process_reader_win.cc(232)] ReadMemory at 0x76690000 of 64 bytes failed: Somente uma parte de um pedido ReadProcessMemory ou WriteProcessMemory foi concluída. (0x12B)
[0610/225423:WARNING:pe_image_reader.cc(280)] could not read dos header from C:\WINDOWS\SYSTEM32\cfgmgr32.dll
[0610/225423:ERROR:process_reader_win.cc(232)] ReadMemory at 0x6e940000 of 64 bytes failed: Somente uma parte de um pedido ReadProcessMemory ou WriteProcessMemory foi concluída. (0x12B)
[0610/225423:WARNING:pe_image_reader.cc(280)] could not read dos header from C:\WINDOWS\SYSTEM32\WINMMBASE.dll
[0610/225423:ERROR:process_reader_win.cc(232)] ReadMemory at 0x77960000 of 64 bytes failed: Somente uma parte de um pedido ReadProcessMemory ou WriteProcessMemory foi concluída. (0x12B)
[0610/225423:WARNING:pe_image_reader.cc(280)] could not read dos header from C:\WINDOWS\SYSTEM32\GDI32.dll
[0610/225423:ERROR:process_reader_win.cc(232)] ReadMemory at 0x75fe0000 of 64 bytes failed: Somente uma parte de um pedido ReadProcessMemory ou WriteProcessMemory foi concluída. (0x12B)
[0610/225423:WARNING:pe_image_reader.cc(280)] could not read dos header from C:\WINDOWS\SYSTEM32\USER32.dll
[0610/225423:ERROR:process_reader_win.cc(232)] ReadMemory at 0x74ab0000 of 64 bytes failed: Somente uma parte de um pedido ReadProcessMemory ou WriteProcessMemory foi concluída. (0x12B)
[0610/225423:WARNING:pe_image_reader.cc(280)] could not read dos header from C:\WINDOWS\SYSTEM32\IMM32.DLL
[0610/225423:ERROR:process_reader_win.cc(232)] ReadMemory at 0x6e970000 of 64 bytes failed: Somente uma parte de um pedido ReadProcessMemory ou WriteProcessMemory foi concluída. (0x12B)
[0610/225423:WARNING:pe_image_reader.cc(280)] could not read dos header from C:\WINDOWS\SYSTEM32\WINMM.dll
[0610/225423:ERROR:process_reader_win.cc(232)] ReadMemory at 0x76780000 of 64 bytes failed: Somente uma parte de um pedido ReadProcessMemory ou WriteProcessMemory foi concluída. (0x12B)
[0610/225423:WARNING:pe_image_reader.cc(280)] could not read dos header from C:\WINDOWS\SYSTEM32\profapi.dll
[0610/225423:ERROR:process_reader_win.cc(232)] ReadMemory at 0x731b0000 of 64 bytes failed: Somente uma parte de um pedido ReadProcessMemory ou WriteProcessMemory foi concluída. (0x12B)
[0610/225423:WARNING:pe_image_reader.cc(280)] could not read dos header from C:\WINDOWS\SYSTEM32\USERENV.dll
[0610/225423:ERROR:process_reader_win.cc(232)] ReadMemory at 0x731d0000 of 64 bytes failed: Somente uma parte de um pedido ReadProcessMemory ou WriteProcessMemory foi concluída. (0x12B)
[0610/225423:WARNING:pe_image_reader.cc(280)] could not read dos header from C:\WINDOWS\SYSTEM32\WTSAPI32.dll
[0610/225423:ERROR:process_reader_win.cc(232)] ReadMemory at 0x71d40000 of 64 bytes failed: Somente uma parte de um pedido ReadProcessMemory ou WriteProcessMemory foi concluída. (0x12B)
[0610/225423:WARNING:pe_image_reader.cc(280)] could not read dos header from C:\WINDOWS\SYSTEM32\WINHTTP.dll
[0610/225423:ERROR:process_reader_win.cc(232)] ReadMemory at 0x76c00000 of 64 bytes failed: Somente uma parte de um pedido ReadProcessMemory ou WriteProcessMemory foi concluída. (0x12B)
[0610/225423:WARNING:pe_image_reader.cc(280)] could not read dos header from C:\WINDOWS\SYSTEM32\combase.dll
[0610/225423:ERROR:process_reader_win.cc(232)] ReadMemory at 0x74a10000 of 64 bytes failed: Somente uma parte de um pedido ReadProcessMemory ou WriteProcessMemory foi concluída. (0x12B)
[0610/225423:WARNING:pe_image_reader.cc(280)] could not read dos header from C:\WINDOWS\SYSTEM32\OLEAUT32.dll
[0610/225423:ERROR:process_reader_win.cc(232)] ReadMemory at 0x77690000 of 64 bytes failed: Somente uma parte de um pedido ReadProcessMemory ou WriteProcessMemory foi concluída. (0x12B)
[0610/225423:WARNING:pe_image_reader.cc(280)] could not read dos header from C:\WINDOWS\SYSTEM32\WS2_32.dll
[0610/225423:ERROR:process_reader_win.cc(232)] ReadMemory at 0x670a0000 of 64 bytes failed: Somente uma parte de um pedido ReadProcessMemory ou WriteProcessMemory foi concluída. (0x12B)
[0610/225423:WARNING:pe_image_reader.cc(280)] could not read dos header from C:\Program Files\Diebold\Warsaw\wslbdhm32.dll
[0610/225423:ERROR:process_reader_win.cc(232)] ReadMemory at 0x74790000 of 64 bytes failed: Somente uma parte de um pedido ReadProcessMemory ou WriteProcessMemory foi concluída. (0x12B)
[0610/225423:WARNING:pe_image_reader.cc(280)] could not read dos header from C:\WINDOWS\SYSTEM32\ntmarta.dll
[0610/225423:ERROR:process_reader_win.cc(232)] ReadMemory at 0x77890000 of 64 bytes failed: Somente uma parte de um pedido ReadProcessMemory ou WriteProcessMemory foi concluída. (0x12B)
[0610/225423:WARNING:pe_image_reader.cc(280)] could not read dos header from C:\WINDOWS\SYSTEM32\shlwapi.dll
[0610/225423:ERROR:process_reader_win.cc(232)] ReadMemory at 0x766d0000 of 64 bytes failed: Somente uma parte de um pedido ReadProcessMemory ou WriteProcessMemory foi concluída. (0x12B)
[0610/225423:WARNING:pe_image_reader.cc(280)] could not read dos header from C:\WINDOWS\SYSTEM32\kernel.appcore.dll
[0610/225423:ERROR:process_reader_win.cc(232)] ReadMemory at 0x77330000 of 64 bytes failed: Somente uma parte de um pedido ReadProcessMemory ou WriteProcessMemory foi concluída. (0x12B)
[0610/225423:WARNING:pe_image_reader.cc(280)] could not read dos header from C:\WINDOWS\SYSTEM32\shcore.dll
[0610/225423:ERROR:process_reader_win.cc(232)] ReadMemory at 0x76de0000 of 64 bytes failed: Somente uma parte de um pedido ReadProcessMemory ou WriteProcessMemory foi concluída. (0x12B)
[0610/225423:WARNING:pe_image_reader.cc(280)] could not read dos header from C:\WINDOWS\SYSTEM32\powrprof.dll
[0610/225423:ERROR:process_reader_win.cc(232)] ReadMemory at 0x76e30000 of 64 bytes failed: Somente uma parte de um pedido ReadProcessMemory ou WriteProcessMemory foi concluída. (0x12B)
[0610/225423:WARNING:pe_image_reader.cc(280)] could not read dos header from C:\WINDOWS\SYSTEM32\windows.storage.dll
[0610/225423:ERROR:process_reader_win.cc(232)] ReadMemory at 0x74ae0000 of 64 bytes failed: Somente uma parte de um pedido ReadProcessMemory ou WriteProcessMemory foi concluída. (0x12B)
[0610/225423:WARNING:pe_image_reader.cc(280)] could not read dos header from C:\WINDOWS\SYSTEM32\SHELL32.dll
[0610/225423:ERROR:process_reader_win.cc(232)] ReadMemory at 0x74880000 of 64 bytes failed: Somente uma parte de um pedido ReadProcessMemory ou WriteProcessMemory foi concluída. (0x12B)
[0610/225423:WARNING:pe_image_reader.cc(280)] could not read dos header from C:\WINDOWS\SYSTEM32\PSAPI.DLL
[0610/225423:ERROR:process_reader_win.cc(232)] ReadMemory at 0x73130000 of 64 bytes failed: Somente uma parte de um pedido ReadProcessMemory ou WriteProcessMemory foi concluída. (0x12B)
[0610/225423:WARNING:pe_image_reader.cc(280)] could not read dos header from C:\WINDOWS\SYSTEM32\bcrypt.dll
[0610/225423:ERROR:process_reader_win.cc(232)] ReadMemory at 0x707b0000 of 64 bytes failed: Somente uma parte de um pedido ReadProcessMemory ou WriteProcessMemory foi concluída. (0x12B)
[0610/225423:WARNING:pe_image_reader.cc(280)] could not read dos header from C:\WINDOWS\SYSTEM32\WINSPOOL.DRV
[0610/225423:ERROR:process_reader_win.cc(232)] ReadMemory at 0x731f0000 of 64 bytes failed: Somente uma parte de um pedido ReadProcessMemory ou WriteProcessMemory foi concluída. (0x12B)
[0610/225423:WARNING:pe_image_reader.cc(280)] could not read dos header from C:\WINDOWS\WinSxS\x86_microsoft.windows.common-controls_6595b64144ccf1df_6.0.10586.0_none_d3c2e4e965da4528\COMCTL32.dll
[0610/225423:ERROR:process_reader_win.cc(232)] ReadMemory at 0x763a0000 of 64 bytes failed: Somente uma parte de um pedido ReadProcessMemory ou WriteProcessMemory foi concluída. (0x12B)
[0610/225423:WARNING:pe_image_reader.cc(280)] could not read dos header from C:\WINDOWS\SYSTEM32\FirewallAPI.dll
[0610/225423:ERROR:process_reader_win.cc(232)] ReadMemory at 0x70c20000 of 64 bytes failed: Somente uma parte de um pedido ReadProcessMemory ou WriteProcessMemory foi concluída. (0x12B)
[0610/225423:WARNING:pe_image_reader.cc(280)] could not read dos header from C:\WINDOWS\SYSTEM32\fwbase.dll
[0610/225423:ERROR:process_reader_win.cc(232)] ReadMemory at 0x76dc0000 of 64 bytes failed: Somente uma parte de um pedido ReadProcessMemory ou WriteProcessMemory foi concluída. (0x12B)
[0610/225423:WARNING:pe_image_reader.cc(280)] could not read dos header from C:\WINDOWS\SYSTEM32\NETAPI32.dll
[0610/225423:ERROR:process_reader_win.cc(232)] ReadMemory at 0x71d00000 of 64 bytes failed: Somente uma parte de um pedido ReadProcessMemory ou WriteProcessMemory foi concluída. (0x12B)
[0610/225423:WARNING:pe_image_reader.cc(280)] could not read dos header from C:\WINDOWS\SYSTEM32\DAVHLPR.DLL
[0610/225423:ERROR:process_reader_win.cc(232)] ReadMemory at 0x75ee0000 of 64 bytes failed: Somente uma parte de um pedido ReadProcessMemory ou WriteProcessMemory foi concluída. (0x12B)
[0610/225423:WARNING:pe_image_reader.cc(280)] could not read dos header from C:\WINDOWS\SYSTEM32\COMDLG32.dll
[0610/225423:ERROR:process_reader_win.cc(232)] ReadMemory at 0x775a0000 of 64 bytes failed: Somente uma parte de um pedido ReadProcessMemory ou WriteProcessMemory foi concluída. (0x12B)
[0610/225423:WARNING:pe_image_reader.cc(280)] could not read dos header from C:\WINDOWS\SYSTEM32\ole32.dll
[0610/225423:ERROR:process_reader_win.cc(232)] ReadMemory at 0x72b40000 of 64 bytes failed: Somente uma parte de um pedido ReadProcessMemory ou WriteProcessMemory foi concluída. (0x12B)
[0610/225423:WARNING:pe_image_reader.cc(280)] could not read dos header from C:\WINDOWS\SYSTEM32\IPHLPAPI.DLL
[0610/225423:ERROR:process_reader_win.cc(232)] ReadMemory at 0x70c50000 of 64 bytes failed: Somente uma parte de um pedido ReadProcessMemory ou WriteProcessMemory foi concluída. (0x12B)
[0610/225423:WARNING:pe_image_reader.cc(280)] could not read dos header from C:\WINDOWS\SYSTEM32\USP10.dll
[0610/225423:ERROR:process_reader_win.cc(232)] ReadMemory at 0x76340000 of 64 bytes failed: Somente uma parte de um pedido ReadProcessMemory ou WriteProcessMemory foi concluída. (0x12B)
[0610/225423:WARNING:pe_image_reader.cc(280)] could not read dos header from C:\WINDOWS\SYSTEM32\MSASN1.dll
[0610/225423:ERROR:process_reader_win.cc(232)] ReadMemory at 0x76510000 of 64 bytes failed: Somente uma parte de um pedido ReadProcessMemory ou WriteProcessMemory foi concluída. (0x12B)
[0610/225423:WARNING:pe_image_reader.cc(280)] could not read dos header from C:\WINDOWS\SYSTEM32\CRYPT32.dll
[0610/225423:ERROR:process_reader_win.cc(232)] ReadMemory at 0x777e0000 of 64 bytes failed: Somente uma parte de um pedido ReadProcessMemory ou WriteProcessMemory foi concluída. (0x12B)
[0610/225423:WARNING:pe_image_reader.cc(280)] could not read dos header from C:\WINDOWS\SYSTEM32\WINTRUST.dll
[0610/225423:ERROR:process_reader_win.cc(232)] ReadMemory at 0x72b30000 of 64 bytes failed: Somente uma parte de um pedido ReadProcessMemory ou WriteProcessMemory foi concluída. (0x12B)
[0610/225423:WARNING:pe_image_reader.cc(280)] could not read dos header from C:\WINDOWS\SYSTEM32\Secur32.dll
[0610/225423:ERROR:process_reader_win.cc(232)] ReadMemory at 0xf2c0000 of 64 bytes failed: Somente uma parte de um pedido ReadProcessMemory ou WriteProcessMemory foi concluída. (0x12B)
[0610/225423:WARNING:pe_image_reader.cc(280)] could not read dos header from C:\Program Files (x86)\Google\Chrome\Application\51.0.2704.84\chrome_child.dll
[0610/225423:ERROR:process_reader_win.cc(232)] ReadMemory at 0x6d720000 of 64 bytes failed: Somente uma parte de um pedido ReadProcessMemory ou WriteProcessMemory foi concluída. (0x12B)
[0610/225423:WARNING:pe_image_reader.cc(280)] could not read dos header from C:\WINDOWS\SYSTEM32\dwrite.dll
[0610/225423:ERROR:process_reader_win.cc(232)] ReadMemory at 0xb8c374 of 12 bytes failed: Somente uma parte de um pedido ReadProcessMemory ou WriteProcessMemory foi concluída. (0x12B)
[0610/225423:WARNING:process_snapshot_win.cc(102)] ReadMemory ExceptionInformation failed
[0610/225423:WARNING:crash_report_exception_handler.cc(60)] ProcessSnapshotWin::InitializeException failed
[0610/225423:ERROR:scoped_process_suspend.cc(38)] NtResumeProcess, ntstatus=-1073741558
